[debug] [2025-02-08T14:08:08.310Z] ----------------------------------------------------------------------
[debug] [2025-02-08T14:08:08.314Z] Command:       C:\Program Files\nodejs\node.exe C:\Users\hp\AppData\Roaming\npm\node_modules\firebase-tools\lib\bin\firebase.js login
[debug] [2025-02-08T14:08:08.315Z] CLI Version:   13.29.3
[debug] [2025-02-08T14:08:08.315Z] Platform:      win32
[debug] [2025-02-08T14:08:08.315Z] Node Version:  v20.14.0
[debug] [2025-02-08T14:08:08.315Z] Time:          Sat Feb 08 2025 19:38:08 GMT+0530 (India Standard Time)
[debug] [2025-02-08T14:08:08.315Z] ----------------------------------------------------------------------
[debug] 
[info] Already logged in as livebeauty9@gmail.com
[debug] [2025-02-08T14:08:28.116Z] ----------------------------------------------------------------------
[debug] [2025-02-08T14:08:28.124Z] Command:       C:\Program Files\nodejs\node.exe C:\Users\hp\AppData\Roaming\npm\node_modules\firebase-tools\lib\bin\firebase.js init
[debug] [2025-02-08T14:08:28.125Z] CLI Version:   13.29.3
[debug] [2025-02-08T14:08:28.125Z] Platform:      win32
[debug] [2025-02-08T14:08:28.125Z] Node Version:  v20.14.0
[debug] [2025-02-08T14:08:28.125Z] Time:          Sat Feb 08 2025 19:38:28 GMT+0530 (India Standard Time)
[debug] [2025-02-08T14:08:28.126Z] ----------------------------------------------------------------------
[debug] 
[debug] [2025-02-08T14:08:28.140Z] > command requires scopes: ["email","openid","https://www.googleapis.com/auth/cloudplatformprojects.readonly","https://www.googleapis.com/auth/firebase","https://www.googleapis.com/auth/cloud-platform"]
[debug] [2025-02-08T14:08:28.144Z] > authorizing via signed-in user (livebeauty9@gmail.com)
[info] 
     ######## #### ########  ######## ########     ###     ######  ########
     ##        ##  ##     ## ##       ##     ##  ##   ##  ##       ##
     ######    ##  ########  ######   ########  #########  ######  ######
     ##        ##  ##    ##  ##       ##     ## ##     ##       ## ##
     ##       #### ##     ## ######## ########  ##     ##  ######  ########

You're about to initialize a Firebase project in this directory:

  F:\Client\netflix-clone-app

[error] 
[error] Error: Must select at least one feature. Use SPACEBAR to select features, or specify a feature by running firebase init [feature_name]
[debug] [2025-02-08T14:09:01.721Z] ----------------------------------------------------------------------
[debug] [2025-02-08T14:09:01.724Z] Command:       C:\Program Files\nodejs\node.exe C:\Users\hp\AppData\Roaming\npm\node_modules\firebase-tools\lib\bin\firebase.js login
[debug] [2025-02-08T14:09:01.725Z] CLI Version:   13.29.3
[debug] [2025-02-08T14:09:01.725Z] Platform:      win32
[debug] [2025-02-08T14:09:01.725Z] Node Version:  v20.14.0
[debug] [2025-02-08T14:09:01.725Z] Time:          Sat Feb 08 2025 19:39:01 GMT+0530 (India Standard Time)
[debug] [2025-02-08T14:09:01.725Z] ----------------------------------------------------------------------
[debug] 
[info] Already logged in as livebeauty9@gmail.com
[debug] [2025-02-08T14:09:13.858Z] ----------------------------------------------------------------------
[debug] [2025-02-08T14:09:13.863Z] Command:       C:\Program Files\nodejs\node.exe C:\Users\hp\AppData\Roaming\npm\node_modules\firebase-tools\lib\bin\firebase.js init
[debug] [2025-02-08T14:09:13.864Z] CLI Version:   13.29.3
[debug] [2025-02-08T14:09:13.864Z] Platform:      win32
[debug] [2025-02-08T14:09:13.865Z] Node Version:  v20.14.0
[debug] [2025-02-08T14:09:13.865Z] Time:          Sat Feb 08 2025 19:39:13 GMT+0530 (India Standard Time)
[debug] [2025-02-08T14:09:13.865Z] ----------------------------------------------------------------------
[debug] 
[debug] [2025-02-08T14:09:13.874Z] > command requires scopes: ["email","openid","https://www.googleapis.com/auth/cloudplatformprojects.readonly","https://www.googleapis.com/auth/firebase","https://www.googleapis.com/auth/cloud-platform"]
[debug] [2025-02-08T14:09:13.876Z] > authorizing via signed-in user (livebeauty9@gmail.com)
[info] 
     ######## #### ########  ######## ########     ###     ######  ########
     ##        ##  ##     ## ##       ##     ##  ##   ##  ##       ##
     ######    ##  ########  ######   ########  #########  ######  ######
     ##        ##  ##    ##  ##       ##     ## ##     ##       ## ##
     ##       #### ##     ## ######## ########  ##     ##  ######  ########

You're about to initialize a Firebase project in this directory:

  F:\Client\netflix-clone-app

[error] 
[error] Error: Aborted by user.
[debug] [2025-02-08T14:09:33.425Z] ----------------------------------------------------------------------
[debug] [2025-02-08T14:09:33.429Z] Command:       C:\Program Files\nodejs\node.exe C:\Users\hp\AppData\Roaming\npm\node_modules\firebase-tools\lib\bin\firebase.js login
[debug] [2025-02-08T14:09:33.429Z] CLI Version:   13.29.3
[debug] [2025-02-08T14:09:33.430Z] Platform:      win32
[debug] [2025-02-08T14:09:33.430Z] Node Version:  v20.14.0
[debug] [2025-02-08T14:09:33.431Z] Time:          Sat Feb 08 2025 19:39:33 GMT+0530 (India Standard Time)
[debug] [2025-02-08T14:09:33.432Z] ----------------------------------------------------------------------
[debug] 
[info] Already logged in as livebeauty9@gmail.com
[debug] [2025-02-08T14:10:16.795Z] ----------------------------------------------------------------------
[debug] [2025-02-08T14:10:16.798Z] Command:       C:\Program Files\nodejs\node.exe C:\Users\hp\AppData\Roaming\npm\node_modules\firebase-tools\lib\bin\firebase.js init
[debug] [2025-02-08T14:10:16.799Z] CLI Version:   13.29.3
[debug] [2025-02-08T14:10:16.799Z] Platform:      win32
[debug] [2025-02-08T14:10:16.800Z] Node Version:  v20.14.0
[debug] [2025-02-08T14:10:16.800Z] Time:          Sat Feb 08 2025 19:40:16 GMT+0530 (India Standard Time)
[debug] [2025-02-08T14:10:16.800Z] ----------------------------------------------------------------------
[debug] 
[debug] [2025-02-08T14:10:16.811Z] > command requires scopes: ["email","openid","https://www.googleapis.com/auth/cloudplatformprojects.readonly","https://www.googleapis.com/auth/firebase","https://www.googleapis.com/auth/cloud-platform"]
[debug] [2025-02-08T14:10:16.814Z] > authorizing via signed-in user (livebeauty9@gmail.com)
[info] 
     ######## #### ########  ######## ########     ###     ######  ########
     ##        ##  ##     ## ##       ##     ##  ##   ##  ##       ##
     ######    ##  ########  ######   ########  #########  ######  ######
     ##        ##  ##    ##  ##       ##     ## ##     ##       ## ##
     ##       #### ##     ## ######## ########  ##     ##  ######  ########

You're about to initialize a Firebase project in this directory:

  F:\Client\netflix-clone-app

[info] 
=== Project Setup
[info] 
[info] First, let's associate this project directory with a Firebase project.
[info] You can create multiple project aliases by running firebase use --add, 
[info] but for now we'll just set up a default project.
[info] 
[debug] [2025-02-08T14:12:37.823Z] Checked if tokens are valid: false, expires at: 1738706227630
[debug] [2025-02-08T14:12:37.825Z] Checked if tokens are valid: false, expires at: 1738706227630
[debug] [2025-02-08T14:12:37.830Z] > refreshing access token with scopes: []
[debug] [2025-02-08T14:12:37.842Z] >>> [apiv2][query] POST https://www.googleapis.com/oauth2/v3/token [none]
[debug] [2025-02-08T14:12:37.843Z] >>> [apiv2][body] POST https://www.googleapis.com/oauth2/v3/token [omitted]
[debug] [2025-02-08T14:12:42.875Z] <<< [apiv2][status] POST https://www.googleapis.com/oauth2/v3/token 200
[debug] [2025-02-08T14:12:42.876Z] <<< [apiv2][body] POST https://www.googleapis.com/oauth2/v3/token [omitted]
[debug] [2025-02-08T14:12:42.903Z] >>> [apiv2][query] GET https://firebase.googleapis.com/v1beta1/projects pageSize=100
[debug] [2025-02-08T14:12:45.997Z] <<< [apiv2][status] GET https://firebase.googleapis.com/v1beta1/projects 200
[debug] [2025-02-08T14:12:45.998Z] <<< [apiv2][body] GET https://firebase.googleapis.com/v1beta1/projects [omitted]
[info] i  Using project netflix-clone-app-e5cba (netflix-clone-app) 
[info] 
=== Hosting Setup
[debug] [2025-02-08T14:14:27.391Z] Checked if tokens are valid: true, expires at: 1739027561879
[debug] [2025-02-08T14:14:27.392Z] Checked if tokens are valid: true, expires at: 1739027561879
[debug] [2025-02-08T14:14:27.393Z] >>> [apiv2][query] GET https://firebase.googleapis.com/v1beta1/projects/netflix-clone-app-e5cba [none]
[debug] [2025-02-08T14:14:42.947Z] <<< [apiv2][status] GET https://firebase.googleapis.com/v1beta1/projects/netflix-clone-app-e5cba 200
[debug] [2025-02-08T14:14:42.953Z] <<< [apiv2][body] GET https://firebase.googleapis.com/v1beta1/projects/netflix-clone-app-e5cba {"projectId":"netflix-clone-app-e5cba","projectNumber":"1075821146058","displayName":"netflix-clone-app","name":"projects/netflix-clone-app-e5cba","resources":{"hostingSite":"netflix-clone-app-e5cba"},"state":"ACTIVE","etag":"1_30d815d5-56cb-475c-af2e-f41bc5fab1f6"}
[info] 
[info] Your public directory is the folder (relative to your project directory) that
[info] will contain Hosting assets to be uploaded with firebase deploy. If you
[info] have a build process for your assets, use your build's output directory.
[info] 
[debug] [2025-02-08T14:15:22.649Z] >>> [apiv2][query] GET https://www.gstatic.com/firebasejs/releases.json [none]
[debug] [2025-02-08T14:15:24.253Z] <<< [apiv2][status] GET https://www.gstatic.com/firebasejs/releases.json 200
[debug] [2025-02-08T14:15:24.254Z] <<< [apiv2][body] GET https://www.gstatic.com/firebasejs/releases.json {"current":{"version":"11.3.0","browserURL":"https://www.gstatic.com/firebasejs/11.3.0/firebase.js","packageURL":"https://www.gstatic.com/firebasejs/11.3.0/firebase.tgz"},"live":{"version":"11.3","browserURL":"https://www.gstatic.com/firebasejs/live/11.3/firebase.js","packageURL":"https://www.gstatic.com/firebasejs/live/11.3/firebase.tgz"},"components":{"analytics":"https://www.gstatic.com/firebasejs/11.3.0/firebase-analytics.js","app":"https://www.gstatic.com/firebasejs/11.3.0/firebase-app.js","app-check":"https://www.gstatic.com/firebasejs/11.3.0/firebase-app-check.js","auth":"https://www.gstatic.com/firebasejs/11.3.0/firebase-auth.js","auth/cordova":"https://www.gstatic.com/firebasejs/11.3.0/firebase-auth/cordova.js","auth/web-extension":"https://www.gstatic.com/firebasejs/11.3.0/firebase-auth/web-extension.js","functions":"https://www.gstatic.com/firebasejs/11.3.0/firebase-functions.js","firestore":"https://www.gstatic.com/firebasejs/11.3.0/firebase-firestore.js","firestore/lite":"https://www.gstatic.com/firebasejs/11.3.0/firebase-firestore/lite.js","installations":"https://www.gstatic.com/firebasejs/11.3.0/firebase-installations.js","storage":"https://www.gstatic.com/firebasejs/11.3.0/firebase-storage.js","performance":"https://www.gstatic.com/firebasejs/11.3.0/firebase-performance.js","remote-config":"https://www.gstatic.com/firebasejs/11.3.0/firebase-remote-config.js","messaging":"https://www.gstatic.com/firebasejs/11.3.0/firebase-messaging.js","messaging/sw":"https://www.gstatic.com/firebasejs/11.3.0/firebase-messaging/sw.js","database":"https://www.gstatic.com/firebasejs/11.3.0/firebase-database.js","vertexai":"https://www.gstatic.com/firebasejs/11.3.0/firebase-vertexai.js","data-connect":"https://www.gstatic.com/firebasejs/11.3.0/firebase-data-connect.js","firestore.memory":"https://www.gstatic.com/firebasejs/11.3.0/firebase-firestore.memory.js"}}
[info] +  Wrote build/index.html 
[info] 
[info] i  Writing configuration info to firebase.json... 
[info] i  Writing project information to .firebaserc... 
[info] 
[info] +  Firebase initialization complete! 
[debug] [2025-02-08T15:13:04.508Z] ----------------------------------------------------------------------
[debug] [2025-02-08T15:13:04.514Z] Command:       C:\Program Files\nodejs\node.exe C:\Users\hp\AppData\Roaming\npm\node_modules\firebase-tools\lib\bin\firebase.js login
[debug] [2025-02-08T15:13:04.515Z] CLI Version:   13.29.3
[debug] [2025-02-08T15:13:04.515Z] Platform:      win32
[debug] [2025-02-08T15:13:04.515Z] Node Version:  v20.14.0
[debug] [2025-02-08T15:13:04.516Z] Time:          Sat Feb 08 2025 20:43:04 GMT+0530 (India Standard Time)
[debug] [2025-02-08T15:13:04.516Z] ----------------------------------------------------------------------
[debug] 
[info] Already logged in as livebeauty9@gmail.com
[debug] [2025-02-08T15:14:19.035Z] ----------------------------------------------------------------------
[debug] [2025-02-08T15:14:19.046Z] Command:       C:\Program Files\nodejs\node.exe C:\Users\hp\AppData\Roaming\npm\node_modules\firebase-tools\lib\bin\firebase.js init
[debug] [2025-02-08T15:14:19.047Z] CLI Version:   13.29.3
[debug] [2025-02-08T15:14:19.047Z] Platform:      win32
[debug] [2025-02-08T15:14:19.048Z] Node Version:  v20.14.0
[debug] [2025-02-08T15:14:19.048Z] Time:          Sat Feb 08 2025 20:44:19 GMT+0530 (India Standard Time)
[debug] [2025-02-08T15:14:19.049Z] ----------------------------------------------------------------------
[debug] 
[debug] [2025-02-08T15:14:19.432Z] > command requires scopes: ["email","openid","https://www.googleapis.com/auth/cloudplatformprojects.readonly","https://www.googleapis.com/auth/firebase","https://www.googleapis.com/auth/cloud-platform"]
[debug] [2025-02-08T15:14:19.435Z] > authorizing via signed-in user (livebeauty9@gmail.com)
[info] 
     ######## #### ########  ######## ########     ###     ######  ########
     ##        ##  ##     ## ##       ##     ##  ##   ##  ##       ##
     ######    ##  ########  ######   ########  #########  ######  ######
     ##        ##  ##    ##  ##       ##     ## ##     ##       ## ##
     ##       #### ##     ## ######## ########  ##     ##  ######  ########

You're about to initialize a Firebase project in this directory:

  F:\Client\netflix-clone-app

Before we get started, keep in mind:

  * You are initializing within an existing Firebase project directory

[info] 
=== Project Setup
[info] 
[info] First, let's associate this project directory with a Firebase project.
[info] You can create multiple project aliases by running firebase use --add, 
[info] but for now we'll just set up a default project.
[info] 
[debug] [2025-02-08T15:14:44.464Z] Using project from CLI flag: netflix-clone-app-e5cba
[debug] [2025-02-08T15:14:44.468Z] Checked if tokens are valid: false, expires at: 1739027561879
[debug] [2025-02-08T15:14:44.472Z] Checked if tokens are valid: false, expires at: 1739027561879
[debug] [2025-02-08T15:14:44.473Z] > refreshing access token with scopes: []
[debug] [2025-02-08T15:14:44.481Z] >>> [apiv2][query] POST https://www.googleapis.com/oauth2/v3/token [none]
[debug] [2025-02-08T15:14:44.483Z] >>> [apiv2][body] POST https://www.googleapis.com/oauth2/v3/token [omitted]
[debug] [2025-02-08T15:14:46.534Z] <<< [apiv2][status] POST https://www.googleapis.com/oauth2/v3/token 200
[debug] [2025-02-08T15:14:46.539Z] <<< [apiv2][body] POST https://www.googleapis.com/oauth2/v3/token [omitted]
[debug] [2025-02-08T15:14:46.564Z] >>> [apiv2][query] GET https://firebase.googleapis.com/v1beta1/projects/netflix-clone-app-e5cba [none]
[debug] [2025-02-08T15:14:49.581Z] <<< [apiv2][status] GET https://firebase.googleapis.com/v1beta1/projects/netflix-clone-app-e5cba 200
[debug] [2025-02-08T15:14:49.584Z] <<< [apiv2][body] GET https://firebase.googleapis.com/v1beta1/projects/netflix-clone-app-e5cba {"projectId":"netflix-clone-app-e5cba","projectNumber":"1075821146058","displayName":"netflix-clone-app","name":"projects/netflix-clone-app-e5cba","resources":{"hostingSite":"netflix-clone-app-e5cba"},"state":"ACTIVE","etag":"1_30d815d5-56cb-475c-af2e-f41bc5fab1f6"}
[info] i  Using project netflix-clone-app-e5cba (netflix-clone-app) 
[info] 
=== Hosting Setup
[debug] [2025-02-08T15:14:49.607Z] Checked if tokens are valid: true, expires at: 1739031285548
[debug] [2025-02-08T15:14:49.608Z] Checked if tokens are valid: true, expires at: 1739031285548
[debug] [2025-02-08T15:14:49.610Z] >>> [apiv2][query] GET https://firebase.googleapis.com/v1beta1/projects/netflix-clone-app-e5cba [none]
[debug] [2025-02-08T15:14:50.488Z] <<< [apiv2][status] GET https://firebase.googleapis.com/v1beta1/projects/netflix-clone-app-e5cba 200
[debug] [2025-02-08T15:14:50.490Z] <<< [apiv2][body] GET https://firebase.googleapis.com/v1beta1/projects/netflix-clone-app-e5cba {"projectId":"netflix-clone-app-e5cba","projectNumber":"1075821146058","displayName":"netflix-clone-app","name":"projects/netflix-clone-app-e5cba","resources":{"hostingSite":"netflix-clone-app-e5cba"},"state":"ACTIVE","etag":"1_30d815d5-56cb-475c-af2e-f41bc5fab1f6"}
[info] 
[info] Your public directory is the folder (relative to your project directory) that
[info] will contain Hosting assets to be uploaded with firebase deploy. If you
[info] have a build process for your assets, use your build's output directory.
[info] 
[debug] [2025-02-08T15:15:08.606Z] >>> [apiv2][query] GET https://www.gstatic.com/firebasejs/releases.json [none]
[debug] [2025-02-08T15:15:11.143Z] <<< [apiv2][status] GET https://www.gstatic.com/firebasejs/releases.json 200
[debug] [2025-02-08T15:15:11.144Z] <<< [apiv2][body] GET https://www.gstatic.com/firebasejs/releases.json {"current":{"version":"11.3.0","browserURL":"https://www.gstatic.com/firebasejs/11.3.0/firebase.js","packageURL":"https://www.gstatic.com/firebasejs/11.3.0/firebase.tgz"},"live":{"version":"11.3","browserURL":"https://www.gstatic.com/firebasejs/live/11.3/firebase.js","packageURL":"https://www.gstatic.com/firebasejs/live/11.3/firebase.tgz"},"components":{"analytics":"https://www.gstatic.com/firebasejs/11.3.0/firebase-analytics.js","app":"https://www.gstatic.com/firebasejs/11.3.0/firebase-app.js","app-check":"https://www.gstatic.com/firebasejs/11.3.0/firebase-app-check.js","auth":"https://www.gstatic.com/firebasejs/11.3.0/firebase-auth.js","auth/cordova":"https://www.gstatic.com/firebasejs/11.3.0/firebase-auth/cordova.js","auth/web-extension":"https://www.gstatic.com/firebasejs/11.3.0/firebase-auth/web-extension.js","functions":"https://www.gstatic.com/firebasejs/11.3.0/firebase-functions.js","firestore":"https://www.gstatic.com/firebasejs/11.3.0/firebase-firestore.js","firestore/lite":"https://www.gstatic.com/firebasejs/11.3.0/firebase-firestore/lite.js","installations":"https://www.gstatic.com/firebasejs/11.3.0/firebase-installations.js","storage":"https://www.gstatic.com/firebasejs/11.3.0/firebase-storage.js","performance":"https://www.gstatic.com/firebasejs/11.3.0/firebase-performance.js","remote-config":"https://www.gstatic.com/firebasejs/11.3.0/firebase-remote-config.js","messaging":"https://www.gstatic.com/firebasejs/11.3.0/firebase-messaging.js","messaging/sw":"https://www.gstatic.com/firebasejs/11.3.0/firebase-messaging/sw.js","database":"https://www.gstatic.com/firebasejs/11.3.0/firebase-database.js","vertexai":"https://www.gstatic.com/firebasejs/11.3.0/firebase-vertexai.js","data-connect":"https://www.gstatic.com/firebasejs/11.3.0/firebase-data-connect.js","firestore.memory":"https://www.gstatic.com/firebasejs/11.3.0/firebase-firestore.memory.js"}}
[info] i  build/index.html is unchanged 
[info] 
[info] i  Writing configuration info to firebase.json... 
[info] i  Writing project information to .firebaserc... 
[info] 
[info] +  Firebase initialization complete! 
[debug] [2025-02-08T16:57:01.270Z] ----------------------------------------------------------------------
[debug] [2025-02-08T16:57:01.274Z] Command:       C:\Program Files\nodejs\node.exe C:\Users\hp\AppData\Roaming\npm\node_modules\firebase-tools\lib\bin\firebase.js login
[debug] [2025-02-08T16:57:01.275Z] CLI Version:   13.29.3
[debug] [2025-02-08T16:57:01.275Z] Platform:      win32
[debug] [2025-02-08T16:57:01.275Z] Node Version:  v20.14.0
[debug] [2025-02-08T16:57:01.275Z] Time:          Sat Feb 08 2025 22:27:01 GMT+0530 (India Standard Time)
[debug] [2025-02-08T16:57:01.275Z] ----------------------------------------------------------------------
[debug] 
[info] Already logged in as livebeauty9@gmail.com
[debug] [2025-02-08T16:57:40.839Z] ----------------------------------------------------------------------
[debug] [2025-02-08T16:57:40.843Z] Command:       C:\Program Files\nodejs\node.exe C:\Users\hp\AppData\Roaming\npm\node_modules\firebase-tools\lib\bin\firebase.js init
[debug] [2025-02-08T16:57:40.845Z] CLI Version:   13.29.3
[debug] [2025-02-08T16:57:40.846Z] Platform:      win32
[debug] [2025-02-08T16:57:40.847Z] Node Version:  v20.14.0
[debug] [2025-02-08T16:57:40.847Z] Time:          Sat Feb 08 2025 22:27:40 GMT+0530 (India Standard Time)
[debug] [2025-02-08T16:57:40.847Z] ----------------------------------------------------------------------
[debug] 
[debug] [2025-02-08T16:57:41.186Z] > command requires scopes: ["email","openid","https://www.googleapis.com/auth/cloudplatformprojects.readonly","https://www.googleapis.com/auth/firebase","https://www.googleapis.com/auth/cloud-platform"]
[debug] [2025-02-08T16:57:41.187Z] > authorizing via signed-in user (livebeauty9@gmail.com)
[info] 
     ######## #### ########  ######## ########     ###     ######  ########
     ##        ##  ##     ## ##       ##     ##  ##   ##  ##       ##
     ######    ##  ########  ######   ########  #########  ######  ######
     ##        ##  ##    ##  ##       ##     ## ##     ##       ## ##
     ##       #### ##     ## ######## ########  ##     ##  ######  ########

You're about to initialize a Firebase project in this directory:

  F:\Client\netflix-clone-app

Before we get started, keep in mind:

  * You are initializing within an existing Firebase project directory

[info] 
=== Project Setup
[info] 
[info] First, let's associate this project directory with a Firebase project.
[info] You can create multiple project aliases by running firebase use --add, 
[info] but for now we'll just set up a default project.
[info] 
[debug] [2025-02-08T16:58:02.598Z] Using project from CLI flag: netflix-clone-app-e5cba
[debug] [2025-02-08T16:58:02.600Z] Checked if tokens are valid: false, expires at: 1739031285548
[debug] [2025-02-08T16:58:02.600Z] Checked if tokens are valid: false, expires at: 1739031285548
[debug] [2025-02-08T16:58:02.601Z] > refreshing access token with scopes: []
[debug] [2025-02-08T16:58:02.604Z] >>> [apiv2][query] POST https://www.googleapis.com/oauth2/v3/token [none]
[debug] [2025-02-08T16:58:02.605Z] >>> [apiv2][body] POST https://www.googleapis.com/oauth2/v3/token [omitted]
[debug] [2025-02-08T16:58:11.535Z] <<< [apiv2][status] POST https://www.googleapis.com/oauth2/v3/token 200
[debug] [2025-02-08T16:58:11.536Z] <<< [apiv2][body] POST https://www.googleapis.com/oauth2/v3/token [omitted]
[debug] [2025-02-08T16:58:11.550Z] >>> [apiv2][query] GET https://firebase.googleapis.com/v1beta1/projects/netflix-clone-app-e5cba [none]
[debug] [2025-02-08T16:58:15.917Z] <<< [apiv2][status] GET https://firebase.googleapis.com/v1beta1/projects/netflix-clone-app-e5cba 200
[debug] [2025-02-08T16:58:15.918Z] <<< [apiv2][body] GET https://firebase.googleapis.com/v1beta1/projects/netflix-clone-app-e5cba {"projectId":"netflix-clone-app-e5cba","projectNumber":"1075821146058","displayName":"netflix-clone-app","name":"projects/netflix-clone-app-e5cba","resources":{"hostingSite":"netflix-clone-app-e5cba"},"state":"ACTIVE","etag":"1_30d815d5-56cb-475c-af2e-f41bc5fab1f6"}
[info] i  Using project netflix-clone-app-e5cba (netflix-clone-app) 
[info] 
=== Hosting Setup
[debug] [2025-02-08T16:58:15.930Z] Checked if tokens are valid: true, expires at: 1739037490536
[debug] [2025-02-08T16:58:15.931Z] Checked if tokens are valid: true, expires at: 1739037490536
[debug] [2025-02-08T16:58:15.932Z] >>> [apiv2][query] GET https://firebase.googleapis.com/v1beta1/projects/netflix-clone-app-e5cba [none]
[debug] [2025-02-08T16:58:17.801Z] <<< [apiv2][status] GET https://firebase.googleapis.com/v1beta1/projects/netflix-clone-app-e5cba 200
[debug] [2025-02-08T16:58:17.803Z] <<< [apiv2][body] GET https://firebase.googleapis.com/v1beta1/projects/netflix-clone-app-e5cba {"projectId":"netflix-clone-app-e5cba","projectNumber":"1075821146058","displayName":"netflix-clone-app","name":"projects/netflix-clone-app-e5cba","resources":{"hostingSite":"netflix-clone-app-e5cba"},"state":"ACTIVE","etag":"1_30d815d5-56cb-475c-af2e-f41bc5fab1f6"}
[info] 
[info] Your public directory is the folder (relative to your project directory) that
[info] will contain Hosting assets to be uploaded with firebase deploy. If you
[info] have a build process for your assets, use your build's output directory.
[info] 
[debug] [2025-02-08T16:58:40.319Z] >>> [apiv2][query] GET https://www.gstatic.com/firebasejs/releases.json [none]
[debug] [2025-02-08T16:58:41.780Z] <<< [apiv2][status] GET https://www.gstatic.com/firebasejs/releases.json 200
[debug] [2025-02-08T16:58:41.780Z] <<< [apiv2][body] GET https://www.gstatic.com/firebasejs/releases.json {"current":{"version":"11.3.0","browserURL":"https://www.gstatic.com/firebasejs/11.3.0/firebase.js","packageURL":"https://www.gstatic.com/firebasejs/11.3.0/firebase.tgz"},"live":{"version":"11.3","browserURL":"https://www.gstatic.com/firebasejs/live/11.3/firebase.js","packageURL":"https://www.gstatic.com/firebasejs/live/11.3/firebase.tgz"},"components":{"analytics":"https://www.gstatic.com/firebasejs/11.3.0/firebase-analytics.js","app":"https://www.gstatic.com/firebasejs/11.3.0/firebase-app.js","app-check":"https://www.gstatic.com/firebasejs/11.3.0/firebase-app-check.js","auth":"https://www.gstatic.com/firebasejs/11.3.0/firebase-auth.js","auth/cordova":"https://www.gstatic.com/firebasejs/11.3.0/firebase-auth/cordova.js","auth/web-extension":"https://www.gstatic.com/firebasejs/11.3.0/firebase-auth/web-extension.js","functions":"https://www.gstatic.com/firebasejs/11.3.0/firebase-functions.js","firestore":"https://www.gstatic.com/firebasejs/11.3.0/firebase-firestore.js","firestore/lite":"https://www.gstatic.com/firebasejs/11.3.0/firebase-firestore/lite.js","installations":"https://www.gstatic.com/firebasejs/11.3.0/firebase-installations.js","storage":"https://www.gstatic.com/firebasejs/11.3.0/firebase-storage.js","performance":"https://www.gstatic.com/firebasejs/11.3.0/firebase-performance.js","remote-config":"https://www.gstatic.com/firebasejs/11.3.0/firebase-remote-config.js","messaging":"https://www.gstatic.com/firebasejs/11.3.0/firebase-messaging.js","messaging/sw":"https://www.gstatic.com/firebasejs/11.3.0/firebase-messaging/sw.js","database":"https://www.gstatic.com/firebasejs/11.3.0/firebase-database.js","vertexai":"https://www.gstatic.com/firebasejs/11.3.0/firebase-vertexai.js","data-connect":"https://www.gstatic.com/firebasejs/11.3.0/firebase-data-connect.js","firestore.memory":"https://www.gstatic.com/firebasejs/11.3.0/firebase-firestore.memory.js"}}
[info] i  build/index.html is unchanged 
[info] 
[info] i  Writing configuration info to firebase.json... 
[info] i  Writing project information to .firebaserc... 
[info] 
[info] +  Firebase initialization complete! 
[debug] [2025-02-08T17:13:06.844Z] ----------------------------------------------------------------------
[debug] [2025-02-08T17:13:06.856Z] Command:       C:\Program Files\nodejs\node.exe C:\Users\hp\AppData\Roaming\npm\node_modules\firebase-tools\lib\bin\firebase.js login
[debug] [2025-02-08T17:13:06.857Z] CLI Version:   13.29.3
[debug] [2025-02-08T17:13:06.857Z] Platform:      win32
[debug] [2025-02-08T17:13:06.857Z] Node Version:  v20.14.0
[debug] [2025-02-08T17:13:06.858Z] Time:          Sat Feb 08 2025 22:43:06 GMT+0530 (India Standard Time)
[debug] [2025-02-08T17:13:06.858Z] ----------------------------------------------------------------------
[debug] 
[info] Already logged in as livebeauty9@gmail.com
[debug] [2025-02-08T17:13:20.138Z] ----------------------------------------------------------------------
[debug] [2025-02-08T17:13:20.141Z] Command:       C:\Program Files\nodejs\node.exe C:\Users\hp\AppData\Roaming\npm\node_modules\firebase-tools\lib\bin\firebase.js init
[debug] [2025-02-08T17:13:20.142Z] CLI Version:   13.29.3
[debug] [2025-02-08T17:13:20.143Z] Platform:      win32
[debug] [2025-02-08T17:13:20.143Z] Node Version:  v20.14.0
[debug] [2025-02-08T17:13:20.143Z] Time:          Sat Feb 08 2025 22:43:20 GMT+0530 (India Standard Time)
[debug] [2025-02-08T17:13:20.143Z] ----------------------------------------------------------------------
[debug] 
[debug] [2025-02-08T17:13:20.567Z] > command requires scopes: ["email","openid","https://www.googleapis.com/auth/cloudplatformprojects.readonly","https://www.googleapis.com/auth/firebase","https://www.googleapis.com/auth/cloud-platform"]
[debug] [2025-02-08T17:13:20.571Z] > authorizing via signed-in user (livebeauty9@gmail.com)
[info] 
     ######## #### ########  ######## ########     ###     ######  ########
     ##        ##  ##     ## ##       ##     ##  ##   ##  ##       ##
     ######    ##  ########  ######   ########  #########  ######  ######
     ##        ##  ##    ##  ##       ##     ## ##     ##       ## ##
     ##       #### ##     ## ######## ########  ##     ##  ######  ########

You're about to initialize a Firebase project in this directory:

  F:\Client\netflix-clone-app

Before we get started, keep in mind:

  * You are initializing within an existing Firebase project directory

[info] 
=== Project Setup
[info] 
[info] First, let's associate this project directory with a Firebase project.
[info] You can create multiple project aliases by running firebase use --add, 
[info] but for now we'll just set up a default project.
[info] 
[debug] [2025-02-08T17:13:33.414Z] Using project from CLI flag: netflix-clone-app-e5cba
[debug] [2025-02-08T17:13:33.418Z] Checked if tokens are valid: true, expires at: 1739037490536
[debug] [2025-02-08T17:13:33.421Z] Checked if tokens are valid: true, expires at: 1739037490536
[debug] [2025-02-08T17:13:33.428Z] >>> [apiv2][query] GET https://firebase.googleapis.com/v1beta1/projects/netflix-clone-app-e5cba [none]
[debug] [2025-02-08T17:13:35.892Z] <<< [apiv2][status] GET https://firebase.googleapis.com/v1beta1/projects/netflix-clone-app-e5cba 200
[debug] [2025-02-08T17:13:35.893Z] <<< [apiv2][body] GET https://firebase.googleapis.com/v1beta1/projects/netflix-clone-app-e5cba {"projectId":"netflix-clone-app-e5cba","projectNumber":"1075821146058","displayName":"netflix-clone-app","name":"projects/netflix-clone-app-e5cba","resources":{"hostingSite":"netflix-clone-app-e5cba"},"state":"ACTIVE","etag":"1_30d815d5-56cb-475c-af2e-f41bc5fab1f6"}
[info] i  Using project netflix-clone-app-e5cba (netflix-clone-app) 
[info] 
=== Hosting Setup
[debug] [2025-02-08T17:13:35.902Z] Checked if tokens are valid: true, expires at: 1739037490536
[debug] [2025-02-08T17:13:35.903Z] Checked if tokens are valid: true, expires at: 1739037490536
[debug] [2025-02-08T17:13:35.904Z] >>> [apiv2][query] GET https://firebase.googleapis.com/v1beta1/projects/netflix-clone-app-e5cba [none]
[debug] [2025-02-08T17:13:36.852Z] <<< [apiv2][status] GET https://firebase.googleapis.com/v1beta1/projects/netflix-clone-app-e5cba 200
[debug] [2025-02-08T17:13:36.853Z] <<< [apiv2][body] GET https://firebase.googleapis.com/v1beta1/projects/netflix-clone-app-e5cba {"projectId":"netflix-clone-app-e5cba","projectNumber":"1075821146058","displayName":"netflix-clone-app","name":"projects/netflix-clone-app-e5cba","resources":{"hostingSite":"netflix-clone-app-e5cba"},"state":"ACTIVE","etag":"1_30d815d5-56cb-475c-af2e-f41bc5fab1f6"}
[info] 
[info] Your public directory is the folder (relative to your project directory) that
[info] will contain Hosting assets to be uploaded with firebase deploy. If you
[info] have a build process for your assets, use your build's output directory.
[info] 
[debug] [2025-02-08T17:14:15.986Z] ----------------------------------------------------------------------
[debug] [2025-02-08T17:14:15.991Z] Command:       C:\Program Files\nodejs\node.exe C:\Users\hp\AppData\Roaming\npm\node_modules\firebase-tools\lib\bin\firebase.js login
[debug] [2025-02-08T17:14:15.992Z] CLI Version:   13.29.3
[debug] [2025-02-08T17:14:15.993Z] Platform:      win32
[debug] [2025-02-08T17:14:15.993Z] Node Version:  v20.14.0
[debug] [2025-02-08T17:14:15.993Z] Time:          Sat Feb 08 2025 22:44:15 GMT+0530 (India Standard Time)
[debug] [2025-02-08T17:14:15.994Z] ----------------------------------------------------------------------
[debug] 
[info] Already logged in as livebeauty9@gmail.com
[debug] [2025-02-08T17:14:27.812Z] ----------------------------------------------------------------------
[debug] [2025-02-08T17:14:27.816Z] Command:       C:\Program Files\nodejs\node.exe C:\Users\hp\AppData\Roaming\npm\node_modules\firebase-tools\lib\bin\firebase.js init
[debug] [2025-02-08T17:14:27.816Z] CLI Version:   13.29.3
[debug] [2025-02-08T17:14:27.816Z] Platform:      win32
[debug] [2025-02-08T17:14:27.816Z] Node Version:  v20.14.0
[debug] [2025-02-08T17:14:27.817Z] Time:          Sat Feb 08 2025 22:44:27 GMT+0530 (India Standard Time)
[debug] [2025-02-08T17:14:27.817Z] ----------------------------------------------------------------------
[debug] 
[debug] [2025-02-08T17:14:28.167Z] > command requires scopes: ["email","openid","https://www.googleapis.com/auth/cloudplatformprojects.readonly","https://www.googleapis.com/auth/firebase","https://www.googleapis.com/auth/cloud-platform"]
[debug] [2025-02-08T17:14:28.169Z] > authorizing via signed-in user (livebeauty9@gmail.com)
[info] 
     ######## #### ########  ######## ########     ###     ######  ########
     ##        ##  ##     ## ##       ##     ##  ##   ##  ##       ##
     ######    ##  ########  ######   ########  #########  ######  ######
     ##        ##  ##    ##  ##       ##     ## ##     ##       ## ##
     ##       #### ##     ## ######## ########  ##     ##  ######  ########

You're about to initialize a Firebase project in this directory:

  F:\Client\netflix-clone-app

Before we get started, keep in mind:

  * You are initializing within an existing Firebase project directory

[info] 
=== Project Setup
[info] 
[info] First, let's associate this project directory with a Firebase project.
[info] You can create multiple project aliases by running firebase use --add, 
[info] but for now we'll just set up a default project.
[info] 
[debug] [2025-02-08T17:15:09.609Z] Using project from CLI flag: netflix-clone-app-e5cba
[debug] [2025-02-08T17:15:09.613Z] Checked if tokens are valid: true, expires at: 1739037490536
[debug] [2025-02-08T17:15:09.616Z] Checked if tokens are valid: true, expires at: 1739037490536
[debug] [2025-02-08T17:15:09.619Z] >>> [apiv2][query] GET https://firebase.googleapis.com/v1beta1/projects/netflix-clone-app-e5cba [none]
[debug] [2025-02-08T17:15:11.654Z] <<< [apiv2][status] GET https://firebase.googleapis.com/v1beta1/projects/netflix-clone-app-e5cba 200
[debug] [2025-02-08T17:15:11.656Z] <<< [apiv2][body] GET https://firebase.googleapis.com/v1beta1/projects/netflix-clone-app-e5cba {"projectId":"netflix-clone-app-e5cba","projectNumber":"1075821146058","displayName":"netflix-clone-app","name":"projects/netflix-clone-app-e5cba","resources":{"hostingSite":"netflix-clone-app-e5cba"},"state":"ACTIVE","etag":"1_30d815d5-56cb-475c-af2e-f41bc5fab1f6"}
[info] i  Using project netflix-clone-app-e5cba (netflix-clone-app) 
[info] 
=== Hosting Setup
[debug] [2025-02-08T17:15:11.672Z] Checked if tokens are valid: true, expires at: 1739037490536
[debug] [2025-02-08T17:15:11.673Z] Checked if tokens are valid: true, expires at: 1739037490536
[debug] [2025-02-08T17:15:11.675Z] >>> [apiv2][query] GET https://firebase.googleapis.com/v1beta1/projects/netflix-clone-app-e5cba [none]
[debug] [2025-02-08T17:15:12.477Z] <<< [apiv2][status] GET https://firebase.googleapis.com/v1beta1/projects/netflix-clone-app-e5cba 200
[debug] [2025-02-08T17:15:12.479Z] <<< [apiv2][body] GET https://firebase.googleapis.com/v1beta1/projects/netflix-clone-app-e5cba {"projectId":"netflix-clone-app-e5cba","projectNumber":"1075821146058","displayName":"netflix-clone-app","name":"projects/netflix-clone-app-e5cba","resources":{"hostingSite":"netflix-clone-app-e5cba"},"state":"ACTIVE","etag":"1_30d815d5-56cb-475c-af2e-f41bc5fab1f6"}
[info] 
[info] Your public directory is the folder (relative to your project directory) that
[info] will contain Hosting assets to be uploaded with firebase deploy. If you
[info] have a build process for your assets, use your build's output directory.
[info] 
[debug] [2025-02-08T17:15:23.402Z] >>> [apiv2][query] GET https://www.gstatic.com/firebasejs/releases.json [none]
[debug] [2025-02-08T17:15:24.663Z] <<< [apiv2][status] GET https://www.gstatic.com/firebasejs/releases.json 200
[debug] [2025-02-08T17:15:24.663Z] <<< [apiv2][body] GET https://www.gstatic.com/firebasejs/releases.json {"current":{"version":"11.3.0","browserURL":"https://www.gstatic.com/firebasejs/11.3.0/firebase.js","packageURL":"https://www.gstatic.com/firebasejs/11.3.0/firebase.tgz"},"live":{"version":"11.3","browserURL":"https://www.gstatic.com/firebasejs/live/11.3/firebase.js","packageURL":"https://www.gstatic.com/firebasejs/live/11.3/firebase.tgz"},"components":{"analytics":"https://www.gstatic.com/firebasejs/11.3.0/firebase-analytics.js","app":"https://www.gstatic.com/firebasejs/11.3.0/firebase-app.js","app-check":"https://www.gstatic.com/firebasejs/11.3.0/firebase-app-check.js","auth":"https://www.gstatic.com/firebasejs/11.3.0/firebase-auth.js","auth/cordova":"https://www.gstatic.com/firebasejs/11.3.0/firebase-auth/cordova.js","auth/web-extension":"https://www.gstatic.com/firebasejs/11.3.0/firebase-auth/web-extension.js","functions":"https://www.gstatic.com/firebasejs/11.3.0/firebase-functions.js","firestore":"https://www.gstatic.com/firebasejs/11.3.0/firebase-firestore.js","firestore/lite":"https://www.gstatic.com/firebasejs/11.3.0/firebase-firestore/lite.js","installations":"https://www.gstatic.com/firebasejs/11.3.0/firebase-installations.js","storage":"https://www.gstatic.com/firebasejs/11.3.0/firebase-storage.js","performance":"https://www.gstatic.com/firebasejs/11.3.0/firebase-performance.js","remote-config":"https://www.gstatic.com/firebasejs/11.3.0/firebase-remote-config.js","messaging":"https://www.gstatic.com/firebasejs/11.3.0/firebase-messaging.js","messaging/sw":"https://www.gstatic.com/firebasejs/11.3.0/firebase-messaging/sw.js","database":"https://www.gstatic.com/firebasejs/11.3.0/firebase-database.js","vertexai":"https://www.gstatic.com/firebasejs/11.3.0/firebase-vertexai.js","data-connect":"https://www.gstatic.com/firebasejs/11.3.0/firebase-data-connect.js","firestore.memory":"https://www.gstatic.com/firebasejs/11.3.0/firebase-firestore.memory.js"}}
[info] +  Wrote build/index.html 
[info] 
[info] i  Writing configuration info to firebase.json... 
[info] i  Writing project information to .firebaserc... 
[info] 
[info] +  Firebase initialization complete! 
[debug] [2025-02-08T17:18:34.373Z] ----------------------------------------------------------------------
[debug] [2025-02-08T17:18:34.380Z] Command:       C:\Program Files\nodejs\node.exe C:\Users\hp\AppData\Roaming\npm\node_modules\firebase-tools\lib\bin\firebase.js deploy
[debug] [2025-02-08T17:18:34.381Z] CLI Version:   13.29.3
[debug] [2025-02-08T17:18:34.381Z] Platform:      win32
[debug] [2025-02-08T17:18:34.382Z] Node Version:  v20.14.0
[debug] [2025-02-08T17:18:34.382Z] Time:          Sat Feb 08 2025 22:48:34 GMT+0530 (India Standard Time)
[debug] [2025-02-08T17:18:34.382Z] ----------------------------------------------------------------------
[debug] 
[debug] [2025-02-08T17:18:34.843Z] > command requires scopes: ["email","openid","https://www.googleapis.com/auth/cloudplatformprojects.readonly","https://www.googleapis.com/auth/firebase","https://www.googleapis.com/auth/cloud-platform"]
[debug] [2025-02-08T17:18:34.845Z] > authorizing via signed-in user (livebeauty9@gmail.com)
[debug] [2025-02-08T17:18:34.846Z] [iam] checking project netflix-clone-app-e5cba for permissions ["firebase.projects.get","firebasehosting.sites.update"]
[debug] [2025-02-08T17:18:34.848Z] Checked if tokens are valid: true, expires at: 1739037490536
[debug] [2025-02-08T17:18:34.849Z] Checked if tokens are valid: true, expires at: 1739037490536
[debug] [2025-02-08T17:18:34.858Z] >>> [apiv2][query] POST https://cloudresourcemanager.googleapis.com/v1/projects/netflix-clone-app-e5cba:testIamPermissions [none]
[debug] [2025-02-08T17:18:34.859Z] >>> [apiv2][(partial)header] POST https://cloudresourcemanager.googleapis.com/v1/projects/netflix-clone-app-e5cba:testIamPermissions x-goog-quota-user=projects/netflix-clone-app-e5cba
[debug] [2025-02-08T17:18:34.860Z] >>> [apiv2][body] POST https://cloudresourcemanager.googleapis.com/v1/projects/netflix-clone-app-e5cba:testIamPermissions {"permissions":["firebase.projects.get","firebasehosting.sites.update"]}
[debug] [2025-02-08T17:18:37.057Z] <<< [apiv2][status] POST https://cloudresourcemanager.googleapis.com/v1/projects/netflix-clone-app-e5cba:testIamPermissions 200
[debug] [2025-02-08T17:18:37.059Z] <<< [apiv2][body] POST https://cloudresourcemanager.googleapis.com/v1/projects/netflix-clone-app-e5cba:testIamPermissions {"permissions":["firebase.projects.get","firebasehosting.sites.update"]}
[debug] [2025-02-08T17:18:37.063Z] Checked if tokens are valid: true, expires at: 1739037490536
[debug] [2025-02-08T17:18:37.064Z] Checked if tokens are valid: true, expires at: 1739037490536
[debug] [2025-02-08T17:18:37.069Z] >>> [apiv2][query] GET https://firebase.googleapis.com/v1beta1/projects/netflix-clone-app-e5cba [none]
[debug] [2025-02-08T17:18:40.299Z] <<< [apiv2][status] GET https://firebase.googleapis.com/v1beta1/projects/netflix-clone-app-e5cba 200
[debug] [2025-02-08T17:18:40.300Z] <<< [apiv2][body] GET https://firebase.googleapis.com/v1beta1/projects/netflix-clone-app-e5cba {"projectId":"netflix-clone-app-e5cba","projectNumber":"1075821146058","displayName":"netflix-clone-app","name":"projects/netflix-clone-app-e5cba","resources":{"hostingSite":"netflix-clone-app-e5cba"},"state":"ACTIVE","etag":"1_30d815d5-56cb-475c-af2e-f41bc5fab1f6"}
[info] 
[info] === Deploying to 'netflix-clone-app-e5cba'...
[info] 
[info] i  deploying hosting 
[debug] [2025-02-08T17:18:40.365Z] Checked if tokens are valid: true, expires at: 1739037490536
[debug] [2025-02-08T17:18:40.371Z] Checked if tokens are valid: true, expires at: 1739037490536
[debug] [2025-02-08T17:18:40.374Z] >>> [apiv2][query] POST https://firebasehosting.googleapis.com/v1beta1/projects/-/sites/netflix-clone-app-e5cba/versions [none]
[debug] [2025-02-08T17:18:40.376Z] >>> [apiv2][body] POST https://firebasehosting.googleapis.com/v1beta1/projects/-/sites/netflix-clone-app-e5cba/versions {"status":"CREATED","labels":{"deployment-tool":"cli-firebase"}}
[debug] [2025-02-08T17:18:48.456Z] <<< [apiv2][status] POST https://firebasehosting.googleapis.com/v1beta1/projects/-/sites/netflix-clone-app-e5cba/versions 200
[debug] [2025-02-08T17:18:48.458Z] <<< [apiv2][body] POST https://firebasehosting.googleapis.com/v1beta1/projects/-/sites/netflix-clone-app-e5cba/versions {"name":"projects/1075821146058/sites/netflix-clone-app-e5cba/versions/94bb26794b36d13d","status":"CREATED","config":{},"labels":{"deployment-tool":"cli-firebase"}}
[info] i  hosting[netflix-clone-app-e5cba]: beginning deploy... 
[info] i  hosting[netflix-clone-app-e5cba]: found 1 files in build 
[debug] [2025-02-08T17:18:48.529Z] [hosting] uploading with 200 concurrency
[debug] [2025-02-08T17:18:48.534Z] [hosting] hash cache [YnVpbGQ] not populated
[debug] [2025-02-08T17:18:48.563Z] Checked if tokens are valid: true, expires at: 1739037490536
[debug] [2025-02-08T17:18:48.564Z] Checked if tokens are valid: true, expires at: 1739037490536
[debug] [2025-02-08T17:18:48.574Z] [hosting] hash cache [YnVpbGQ] stored for 1 files
[debug] [2025-02-08T17:18:48.576Z] [hosting][hash queue][FINAL] {"max":20,"min":20,"avg":20,"active":0,"complete":1,"success":1,"errored":0,"retried":0,"total":1,"elapsed":33}
[debug] [2025-02-08T17:18:48.579Z] >>> [apiv2][query] POST https://firebasehosting.googleapis.com/v1beta1/projects/1075821146058/sites/netflix-clone-app-e5cba/versions/94bb26794b36d13d:populateFiles [none]
[debug] [2025-02-08T17:18:48.580Z] >>> [apiv2][body] POST https://firebasehosting.googleapis.com/v1beta1/projects/1075821146058/sites/netflix-clone-app-e5cba/versions/94bb26794b36d13d:populateFiles {"files":{"/index.html":"003da39c4b5a451861192d2421a349b2fba94d1c42be42d896fad9584d1834b5"}}
[debug] [2025-02-08T17:18:49.607Z] <<< [apiv2][status] POST https://firebasehosting.googleapis.com/v1beta1/projects/1075821146058/sites/netflix-clone-app-e5cba/versions/94bb26794b36d13d:populateFiles 200
[debug] [2025-02-08T17:18:49.609Z] <<< [apiv2][body] POST https://firebasehosting.googleapis.com/v1beta1/projects/1075821146058/sites/netflix-clone-app-e5cba/versions/94bb26794b36d13d:populateFiles {"uploadRequiredHashes":["003da39c4b5a451861192d2421a349b2fba94d1c42be42d896fad9584d1834b5"],"uploadUrl":"https://upload-firebasehosting.googleapis.com/upload/sites/netflix-clone-app-e5cba/versions/94bb26794b36d13d/files"}
[debug] [2025-02-08T17:18:49.613Z] Checked if tokens are valid: true, expires at: 1739037490536
[debug] [2025-02-08T17:18:49.614Z] Checked if tokens are valid: true, expires at: 1739037490536
[debug] [2025-02-08T17:18:49.620Z] >>> [apiv2][query] POST https://upload-firebasehosting.googleapis.com/upload/sites/netflix-clone-app-e5cba/versions/94bb26794b36d13d/files/003da39c4b5a451861192d2421a349b2fba94d1c42be42d896fad9584d1834b5 [none]
[debug] [2025-02-08T17:18:49.625Z] >>> [apiv2][body] POST https://upload-firebasehosting.googleapis.com/upload/sites/netflix-clone-app-e5cba/versions/94bb26794b36d13d/files/003da39c4b5a451861192d2421a349b2fba94d1c42be42d896fad9584d1834b5 [stream]
[debug] [2025-02-08T17:18:49.641Z] [hosting][populate queue][FINAL] {"max":1054,"min":1054,"avg":1054,"active":0,"complete":1,"success":1,"errored":0,"retried":0,"total":1,"elapsed":1079}
[debug] [2025-02-08T17:18:49.643Z] [hosting] uploads queued: 1
[debug] [2025-02-08T17:18:57.277Z] <<< [apiv2][status] POST https://upload-firebasehosting.googleapis.com/upload/sites/netflix-clone-app-e5cba/versions/94bb26794b36d13d/files/003da39c4b5a451861192d2421a349b2fba94d1c42be42d896fad9584d1834b5 200
[debug] [2025-02-08T17:18:57.322Z] <<< [apiv2][body] POST https://upload-firebasehosting.googleapis.com/upload/sites/netflix-clone-app-e5cba/versions/94bb26794b36d13d/files/003da39c4b5a451861192d2421a349b2fba94d1c42be42d896fad9584d1834b5 [stream]
[debug] [2025-02-08T17:18:57.322Z] [hosting][upload queue][FINAL] {"max":7711,"min":7711,"avg":7711,"active":0,"complete":1,"success":1,"errored":0,"retried":0,"total":1,"elapsed":7711}
[info] +  hosting[netflix-clone-app-e5cba]: file upload complete 
[debug] [2025-02-08T17:18:57.339Z] [hosting] deploy completed after 8871ms
[debug] [2025-02-08T17:18:57.358Z] [
  {
    "config": {
      "public": "build",
      "ignore": [
        "firebase.json",
        "**/.*",
        "**/node_modules/**"
      ],
      "rewrites": [
        {
          "source": "**",
          "destination": "/index.html"
        }
      ],
      "site": "netflix-clone-app-e5cba"
    },
    "version": "projects/1075821146058/sites/netflix-clone-app-e5cba/versions/94bb26794b36d13d"
  }
]
[info] i  hosting[netflix-clone-app-e5cba]: finalizing version... 
[debug] [2025-02-08T17:18:57.409Z] Checked if tokens are valid: true, expires at: 1739037490536
[debug] [2025-02-08T17:18:57.413Z] Checked if tokens are valid: true, expires at: 1739037490536
[debug] [2025-02-08T17:18:57.423Z] >>> [apiv2][query] PATCH https://firebasehosting.googleapis.com/v1beta1/projects/-/sites/netflix-clone-app-e5cba/versions/94bb26794b36d13d updateMask=status%2Cconfig
[debug] [2025-02-08T17:18:57.425Z] >>> [apiv2][body] PATCH https://firebasehosting.googleapis.com/v1beta1/projects/-/sites/netflix-clone-app-e5cba/versions/94bb26794b36d13d {"status":"FINALIZED","config":{"rewrites":[{"glob":"**","path":"/index.html"}]}}
[debug] [2025-02-08T17:19:06.200Z] <<< [apiv2][status] PATCH https://firebasehosting.googleapis.com/v1beta1/projects/-/sites/netflix-clone-app-e5cba/versions/94bb26794b36d13d 200
[debug] [2025-02-08T17:19:06.233Z] <<< [apiv2][body] PATCH https://firebasehosting.googleapis.com/v1beta1/projects/-/sites/netflix-clone-app-e5cba/versions/94bb26794b36d13d {"name":"projects/1075821146058/sites/netflix-clone-app-e5cba/versions/94bb26794b36d13d","status":"FINALIZED","config":{"rewrites":[{"glob":"**","path":"/index.html"}]},"labels":{"deployment-tool":"cli-firebase"},"createTime":"2025-02-08T17:18:45.553667Z","createUser":{"email":"livebeauty9@gmail.com"},"finalizeTime":"2025-02-08T17:19:04.435203Z","finalizeUser":{"email":"livebeauty9@gmail.com"}}
[debug] [2025-02-08T17:19:06.234Z] [hosting] finalized version for netflix-clone-app-e5cba:[object Object]
[info] +  hosting[netflix-clone-app-e5cba]: version finalized 
[info] i  hosting[netflix-clone-app-e5cba]: releasing new version... 
[debug] [2025-02-08T17:19:06.384Z] Checked if tokens are valid: true, expires at: 1739037490536
[debug] [2025-02-08T17:19:06.403Z] Checked if tokens are valid: true, expires at: 1739037490536
[debug] [2025-02-08T17:19:06.417Z] >>> [apiv2][query] POST https://firebasehosting.googleapis.com/v1beta1/projects/-/sites/netflix-clone-app-e5cba/channels/live/releases versionName=projects%2F1075821146058%2Fsites%2Fnetflix-clone-app-e5cba%2Fversions%2F94bb26794b36d13d
[debug] [2025-02-08T17:19:06.423Z] >>> [apiv2][body] POST https://firebasehosting.googleapis.com/v1beta1/projects/-/sites/netflix-clone-app-e5cba/channels/live/releases {}
[debug] [2025-02-08T17:19:08.362Z] <<< [apiv2][status] POST https://firebasehosting.googleapis.com/v1beta1/projects/-/sites/netflix-clone-app-e5cba/channels/live/releases 200
[debug] [2025-02-08T17:19:08.363Z] <<< [apiv2][body] POST https://firebasehosting.googleapis.com/v1beta1/projects/-/sites/netflix-clone-app-e5cba/channels/live/releases {"name":"projects/1075821146058/sites/netflix-clone-app-e5cba/channels/live/releases/1739035145367000","version":{"name":"projects/1075821146058/sites/netflix-clone-app-e5cba/versions/94bb26794b36d13d","status":"FINALIZED","config":{"rewrites":[{"glob":"**","path":"/index.html"}]},"labels":{"deployment-tool":"cli-firebase"},"createTime":"2025-02-08T17:18:45.553667Z","createUser":{"email":"livebeauty9@gmail.com","imageUrl":"https://lh3.googleusercontent.com/a/ACg8ocLbka4c9ihnUzG7r5i7C8pa31XFY2jcZkfnxj4DLnRWt2PwbmUs"},"finalizeTime":"2025-02-08T17:19:04.435203Z","finalizeUser":{"email":"livebeauty9@gmail.com","imageUrl":"https://lh3.googleusercontent.com/a/ACg8ocLbka4c9ihnUzG7r5i7C8pa31XFY2jcZkfnxj4DLnRWt2PwbmUs"}},"type":"DEPLOY","releaseTime":"2025-02-08T17:19:05.367Z","releaseUser":{"email":"livebeauty9@gmail.com","imageUrl":"https://lh3.googleusercontent.com/a/ACg8ocLbka4c9ihnUzG7r5i7C8pa31XFY2jcZkfnxj4DLnRWt2PwbmUs"}}
[debug] [2025-02-08T17:19:08.364Z] [hosting] release: {"name":"projects/1075821146058/sites/netflix-clone-app-e5cba/channels/live/releases/1739035145367000","version":{"name":"projects/1075821146058/sites/netflix-clone-app-e5cba/versions/94bb26794b36d13d","status":"FINALIZED","config":{"rewrites":[{"glob":"**","path":"/index.html"}]},"labels":{"deployment-tool":"cli-firebase"},"createTime":"2025-02-08T17:18:45.553667Z","createUser":{"email":"livebeauty9@gmail.com","imageUrl":"https://lh3.googleusercontent.com/a/ACg8ocLbka4c9ihnUzG7r5i7C8pa31XFY2jcZkfnxj4DLnRWt2PwbmUs"},"finalizeTime":"2025-02-08T17:19:04.435203Z","finalizeUser":{"email":"livebeauty9@gmail.com","imageUrl":"https://lh3.googleusercontent.com/a/ACg8ocLbka4c9ihnUzG7r5i7C8pa31XFY2jcZkfnxj4DLnRWt2PwbmUs"}},"type":"DEPLOY","releaseTime":"2025-02-08T17:19:05.367Z","releaseUser":{"email":"livebeauty9@gmail.com","imageUrl":"https://lh3.googleusercontent.com/a/ACg8ocLbka4c9ihnUzG7r5i7C8pa31XFY2jcZkfnxj4DLnRWt2PwbmUs"}}
[info] +  hosting[netflix-clone-app-e5cba]: release complete 
[info] 
[info] +  Deploy complete! 
[info] 
[info] Project Console: https://console.firebase.google.com/project/netflix-clone-app-e5cba/overview
[info] Hosting URL: https://netflix-clone-app-e5cba.web.app
[debug] [2025-02-08T17:24:25.864Z] ----------------------------------------------------------------------
[debug] [2025-02-08T17:24:25.872Z] Command:       C:\Program Files\nodejs\node.exe C:\Users\hp\AppData\Roaming\npm\node_modules\firebase-tools\lib\bin\firebase.js deploy
[debug] [2025-02-08T17:24:25.873Z] CLI Version:   13.29.3
[debug] [2025-02-08T17:24:25.873Z] Platform:      win32
[debug] [2025-02-08T17:24:25.873Z] Node Version:  v20.14.0
[debug] [2025-02-08T17:24:25.873Z] Time:          Sat Feb 08 2025 22:54:25 GMT+0530 (India Standard Time)
[debug] [2025-02-08T17:24:25.874Z] ----------------------------------------------------------------------
[debug] 
[debug] [2025-02-08T17:24:26.225Z] > command requires scopes: ["email","openid","https://www.googleapis.com/auth/cloudplatformprojects.readonly","https://www.googleapis.com/auth/firebase","https://www.googleapis.com/auth/cloud-platform"]
[debug] [2025-02-08T17:24:26.264Z] > authorizing via signed-in user (livebeauty9@gmail.com)
[debug] [2025-02-08T17:24:26.266Z] [iam] checking project netflix-clone-app-e5cba for permissions ["firebase.projects.get","firebasehosting.sites.update"]
[debug] [2025-02-08T17:24:26.271Z] Checked if tokens are valid: true, expires at: 1739037490536
[debug] [2025-02-08T17:24:26.273Z] Checked if tokens are valid: true, expires at: 1739037490536
[debug] [2025-02-08T17:24:26.283Z] >>> [apiv2][query] POST https://cloudresourcemanager.googleapis.com/v1/projects/netflix-clone-app-e5cba:testIamPermissions [none]
[debug] [2025-02-08T17:24:26.284Z] >>> [apiv2][(partial)header] POST https://cloudresourcemanager.googleapis.com/v1/projects/netflix-clone-app-e5cba:testIamPermissions x-goog-quota-user=projects/netflix-clone-app-e5cba
[debug] [2025-02-08T17:24:26.286Z] >>> [apiv2][body] POST https://cloudresourcemanager.googleapis.com/v1/projects/netflix-clone-app-e5cba:testIamPermissions {"permissions":["firebase.projects.get","firebasehosting.sites.update"]}
[debug] [2025-02-08T17:24:30.760Z] <<< [apiv2][status] POST https://cloudresourcemanager.googleapis.com/v1/projects/netflix-clone-app-e5cba:testIamPermissions 200
[debug] [2025-02-08T17:24:30.761Z] <<< [apiv2][body] POST https://cloudresourcemanager.googleapis.com/v1/projects/netflix-clone-app-e5cba:testIamPermissions {"permissions":["firebase.projects.get","firebasehosting.sites.update"]}
[debug] [2025-02-08T17:24:30.764Z] Checked if tokens are valid: true, expires at: 1739037490536
[debug] [2025-02-08T17:24:30.765Z] Checked if tokens are valid: true, expires at: 1739037490536
[debug] [2025-02-08T17:24:30.767Z] >>> [apiv2][query] GET https://firebase.googleapis.com/v1beta1/projects/netflix-clone-app-e5cba [none]
[debug] [2025-02-08T17:24:33.180Z] <<< [apiv2][status] GET https://firebase.googleapis.com/v1beta1/projects/netflix-clone-app-e5cba 200
[debug] [2025-02-08T17:24:33.181Z] <<< [apiv2][body] GET https://firebase.googleapis.com/v1beta1/projects/netflix-clone-app-e5cba {"projectId":"netflix-clone-app-e5cba","projectNumber":"1075821146058","displayName":"netflix-clone-app","name":"projects/netflix-clone-app-e5cba","resources":{"hostingSite":"netflix-clone-app-e5cba"},"state":"ACTIVE","etag":"1_30d815d5-56cb-475c-af2e-f41bc5fab1f6"}
[info] 
[info] === Deploying to 'netflix-clone-app-e5cba'...
[info] 
[info] i  deploying hosting 
[debug] [2025-02-08T17:24:33.196Z] Checked if tokens are valid: true, expires at: 1739037490536
[debug] [2025-02-08T17:24:33.197Z] Checked if tokens are valid: true, expires at: 1739037490536
[debug] [2025-02-08T17:24:33.199Z] >>> [apiv2][query] POST https://firebasehosting.googleapis.com/v1beta1/projects/-/sites/netflix-clone-app-e5cba/versions [none]
[debug] [2025-02-08T17:24:33.200Z] >>> [apiv2][body] POST https://firebasehosting.googleapis.com/v1beta1/projects/-/sites/netflix-clone-app-e5cba/versions {"status":"CREATED","labels":{"deployment-tool":"cli-firebase"}}
[debug] [2025-02-08T17:24:37.903Z] <<< [apiv2][status] POST https://firebasehosting.googleapis.com/v1beta1/projects/-/sites/netflix-clone-app-e5cba/versions 200
[debug] [2025-02-08T17:24:37.905Z] <<< [apiv2][body] POST https://firebasehosting.googleapis.com/v1beta1/projects/-/sites/netflix-clone-app-e5cba/versions {"name":"projects/1075821146058/sites/netflix-clone-app-e5cba/versions/b0ce30a65efb0b47","status":"CREATED","config":{},"labels":{"deployment-tool":"cli-firebase"}}
[info] i  hosting[netflix-clone-app-e5cba]: beginning deploy... 
[info] i  hosting[netflix-clone-app-e5cba]: found 1 files in build 
[debug] [2025-02-08T17:24:37.957Z] [hosting] uploading with 200 concurrency
[debug] [2025-02-08T17:24:37.968Z] Checked if tokens are valid: true, expires at: 1739037490536
[debug] [2025-02-08T17:24:37.969Z] Checked if tokens are valid: true, expires at: 1739037490536
[debug] [2025-02-08T17:24:37.973Z] [hosting] hash cache [YnVpbGQ] stored for 1 files
[debug] [2025-02-08T17:24:37.974Z] [hosting][hash queue][FINAL] {"max":2,"min":2,"avg":2,"active":0,"complete":1,"success":1,"errored":0,"retried":0,"total":1,"elapsed":9}
[debug] [2025-02-08T17:24:37.978Z] >>> [apiv2][query] POST https://firebasehosting.googleapis.com/v1beta1/projects/1075821146058/sites/netflix-clone-app-e5cba/versions/b0ce30a65efb0b47:populateFiles [none]
[debug] [2025-02-08T17:24:37.979Z] >>> [apiv2][body] POST https://firebasehosting.googleapis.com/v1beta1/projects/1075821146058/sites/netflix-clone-app-e5cba/versions/b0ce30a65efb0b47:populateFiles {"files":{"/index.html":"003da39c4b5a451861192d2421a349b2fba94d1c42be42d896fad9584d1834b5"}}
[debug] [2025-02-08T17:24:38.880Z] <<< [apiv2][status] POST https://firebasehosting.googleapis.com/v1beta1/projects/1075821146058/sites/netflix-clone-app-e5cba/versions/b0ce30a65efb0b47:populateFiles 200
[debug] [2025-02-08T17:24:38.883Z] <<< [apiv2][body] POST https://firebasehosting.googleapis.com/v1beta1/projects/1075821146058/sites/netflix-clone-app-e5cba/versions/b0ce30a65efb0b47:populateFiles {"uploadUrl":"https://upload-firebasehosting.googleapis.com/upload/sites/netflix-clone-app-e5cba/versions/b0ce30a65efb0b47/files"}
[debug] [2025-02-08T17:24:38.884Z] [hosting][populate queue][FINAL] {"max":916,"min":916,"avg":916,"active":0,"complete":1,"success":1,"errored":0,"retried":0,"total":1,"elapsed":916}
[debug] [2025-02-08T17:24:38.886Z] [hosting] uploads queued: 0
[debug] [2025-02-08T17:24:38.887Z] [hosting][upload queue][FINAL] {"max":0,"min":9999999999,"avg":0,"active":0,"complete":0,"success":0,"errored":0,"retried":0,"total":0,"elapsed":1739035478887}
[info] +  hosting[netflix-clone-app-e5cba]: file upload complete 
[debug] [2025-02-08T17:24:38.891Z] [hosting] deploy completed after 978ms
[debug] [2025-02-08T17:24:38.893Z] [
  {
    "config": {
      "public": "build",
      "ignore": [
        "firebase.json",
        "**/.*",
        "**/node_modules/**"
      ],
      "rewrites": [
        {
          "source": "**",
          "destination": "/index.html"
        }
      ],
      "site": "netflix-clone-app-e5cba"
    },
    "version": "projects/1075821146058/sites/netflix-clone-app-e5cba/versions/b0ce30a65efb0b47"
  }
]
[info] i  hosting[netflix-clone-app-e5cba]: finalizing version... 
[debug] [2025-02-08T17:24:38.905Z] Checked if tokens are valid: true, expires at: 1739037490536
[debug] [2025-02-08T17:24:38.906Z] Checked if tokens are valid: true, expires at: 1739037490536
[debug] [2025-02-08T17:24:38.911Z] >>> [apiv2][query] PATCH https://firebasehosting.googleapis.com/v1beta1/projects/-/sites/netflix-clone-app-e5cba/versions/b0ce30a65efb0b47 updateMask=status%2Cconfig
[debug] [2025-02-08T17:24:38.913Z] >>> [apiv2][body] PATCH https://firebasehosting.googleapis.com/v1beta1/projects/-/sites/netflix-clone-app-e5cba/versions/b0ce30a65efb0b47 {"status":"FINALIZED","config":{"rewrites":[{"glob":"**","path":"/index.html"}]}}
[debug] [2025-02-08T17:24:39.387Z] <<< [apiv2][status] PATCH https://firebasehosting.googleapis.com/v1beta1/projects/-/sites/netflix-clone-app-e5cba/versions/b0ce30a65efb0b47 200
[debug] [2025-02-08T17:24:39.389Z] <<< [apiv2][body] PATCH https://firebasehosting.googleapis.com/v1beta1/projects/-/sites/netflix-clone-app-e5cba/versions/b0ce30a65efb0b47 {"name":"projects/1075821146058/sites/netflix-clone-app-e5cba/versions/b0ce30a65efb0b47","status":"FINALIZED","config":{"rewrites":[{"glob":"**","path":"/index.html"}]},"labels":{"deployment-tool":"cli-firebase"},"createTime":"2025-02-08T17:24:35.136902Z","createUser":{"email":"livebeauty9@gmail.com"},"finalizeTime":"2025-02-08T17:24:37.438375Z","finalizeUser":{"email":"livebeauty9@gmail.com"}}
[debug] [2025-02-08T17:24:39.390Z] [hosting] finalized version for netflix-clone-app-e5cba:[object Object]
[info] +  hosting[netflix-clone-app-e5cba]: version finalized 
[info] i  hosting[netflix-clone-app-e5cba]: releasing new version... 
[debug] [2025-02-08T17:24:39.398Z] Checked if tokens are valid: true, expires at: 1739037490536
[debug] [2025-02-08T17:24:39.399Z] Checked if tokens are valid: true, expires at: 1739037490536
[debug] [2025-02-08T17:24:39.402Z] >>> [apiv2][query] POST https://firebasehosting.googleapis.com/v1beta1/projects/-/sites/netflix-clone-app-e5cba/channels/live/releases versionName=projects%2F1075821146058%2Fsites%2Fnetflix-clone-app-e5cba%2Fversions%2Fb0ce30a65efb0b47
[debug] [2025-02-08T17:24:39.404Z] >>> [apiv2][body] POST https://firebasehosting.googleapis.com/v1beta1/projects/-/sites/netflix-clone-app-e5cba/channels/live/releases {}
[debug] [2025-02-08T17:24:40.557Z] <<< [apiv2][status] POST https://firebasehosting.googleapis.com/v1beta1/projects/-/sites/netflix-clone-app-e5cba/channels/live/releases 200
[debug] [2025-02-08T17:24:40.559Z] <<< [apiv2][body] POST https://firebasehosting.googleapis.com/v1beta1/projects/-/sites/netflix-clone-app-e5cba/channels/live/releases {"name":"projects/1075821146058/sites/netflix-clone-app-e5cba/channels/live/releases/1739035477531000","version":{"name":"projects/1075821146058/sites/netflix-clone-app-e5cba/versions/b0ce30a65efb0b47","status":"FINALIZED","config":{"rewrites":[{"glob":"**","path":"/index.html"}]},"labels":{"deployment-tool":"cli-firebase"},"createTime":"2025-02-08T17:24:35.136902Z","createUser":{"email":"livebeauty9@gmail.com","imageUrl":"https://lh3.googleusercontent.com/a/ACg8ocLbka4c9ihnUzG7r5i7C8pa31XFY2jcZkfnxj4DLnRWt2PwbmUs"},"finalizeTime":"2025-02-08T17:24:37.438375Z","finalizeUser":{"email":"livebeauty9@gmail.com","imageUrl":"https://lh3.googleusercontent.com/a/ACg8ocLbka4c9ihnUzG7r5i7C8pa31XFY2jcZkfnxj4DLnRWt2PwbmUs"}},"type":"DEPLOY","releaseTime":"2025-02-08T17:24:37.531Z","releaseUser":{"email":"livebeauty9@gmail.com","imageUrl":"https://lh3.googleusercontent.com/a/ACg8ocLbka4c9ihnUzG7r5i7C8pa31XFY2jcZkfnxj4DLnRWt2PwbmUs"}}
[debug] [2025-02-08T17:24:40.562Z] [hosting] release: {"name":"projects/1075821146058/sites/netflix-clone-app-e5cba/channels/live/releases/1739035477531000","version":{"name":"projects/1075821146058/sites/netflix-clone-app-e5cba/versions/b0ce30a65efb0b47","status":"FINALIZED","config":{"rewrites":[{"glob":"**","path":"/index.html"}]},"labels":{"deployment-tool":"cli-firebase"},"createTime":"2025-02-08T17:24:35.136902Z","createUser":{"email":"livebeauty9@gmail.com","imageUrl":"https://lh3.googleusercontent.com/a/ACg8ocLbka4c9ihnUzG7r5i7C8pa31XFY2jcZkfnxj4DLnRWt2PwbmUs"},"finalizeTime":"2025-02-08T17:24:37.438375Z","finalizeUser":{"email":"livebeauty9@gmail.com","imageUrl":"https://lh3.googleusercontent.com/a/ACg8ocLbka4c9ihnUzG7r5i7C8pa31XFY2jcZkfnxj4DLnRWt2PwbmUs"}},"type":"DEPLOY","releaseTime":"2025-02-08T17:24:37.531Z","releaseUser":{"email":"livebeauty9@gmail.com","imageUrl":"https://lh3.googleusercontent.com/a/ACg8ocLbka4c9ihnUzG7r5i7C8pa31XFY2jcZkfnxj4DLnRWt2PwbmUs"}}
[info] +  hosting[netflix-clone-app-e5cba]: release complete 
[info] 
[info] +  Deploy complete! 
[info] 
[info] Project Console: https://console.firebase.google.com/project/netflix-clone-app-e5cba/overview
[info] Hosting URL: https://netflix-clone-app-e5cba.web.app
[debug] [2025-02-08T17:35:25.104Z] ----------------------------------------------------------------------
[debug] [2025-02-08T17:35:25.111Z] Command:       C:\Program Files\nodejs\node.exe C:\Users\hp\AppData\Roaming\npm\node_modules\firebase-tools\lib\bin\firebase.js hosting:sites:list
[debug] [2025-02-08T17:35:25.112Z] CLI Version:   13.29.3
[debug] [2025-02-08T17:35:25.112Z] Platform:      win32
[debug] [2025-02-08T17:35:25.113Z] Node Version:  v20.14.0
[debug] [2025-02-08T17:35:25.113Z] Time:          Sat Feb 08 2025 23:05:25 GMT+0530 (India Standard Time)
[debug] [2025-02-08T17:35:25.113Z] ----------------------------------------------------------------------
[debug] 
[debug] [2025-02-08T17:35:25.522Z] > command requires scopes: ["email","openid","https://www.googleapis.com/auth/cloudplatformprojects.readonly","https://www.googleapis.com/auth/firebase","https://www.googleapis.com/auth/cloud-platform"]
[debug] [2025-02-08T17:35:25.524Z] > authorizing via signed-in user (livebeauty9@gmail.com)
[debug] [2025-02-08T17:35:25.525Z] [iam] checking project netflix-clone-app-e5cba for permissions ["firebase.projects.get","firebasehosting.sites.get"]
[debug] [2025-02-08T17:35:25.527Z] Checked if tokens are valid: true, expires at: 1739037490536
[debug] [2025-02-08T17:35:25.529Z] Checked if tokens are valid: true, expires at: 1739037490536
[debug] [2025-02-08T17:35:25.533Z] >>> [apiv2][query] POST https://cloudresourcemanager.googleapis.com/v1/projects/netflix-clone-app-e5cba:testIamPermissions [none]
[debug] [2025-02-08T17:35:25.535Z] >>> [apiv2][(partial)header] POST https://cloudresourcemanager.googleapis.com/v1/projects/netflix-clone-app-e5cba:testIamPermissions x-goog-quota-user=projects/netflix-clone-app-e5cba
[debug] [2025-02-08T17:35:25.536Z] >>> [apiv2][body] POST https://cloudresourcemanager.googleapis.com/v1/projects/netflix-clone-app-e5cba:testIamPermissions {"permissions":["firebase.projects.get","firebasehosting.sites.get"]}
[debug] [2025-02-08T17:35:30.725Z] <<< [apiv2][status] POST https://cloudresourcemanager.googleapis.com/v1/projects/netflix-clone-app-e5cba:testIamPermissions 200
[debug] [2025-02-08T17:35:30.727Z] <<< [apiv2][body] POST https://cloudresourcemanager.googleapis.com/v1/projects/netflix-clone-app-e5cba:testIamPermissions {"permissions":["firebase.projects.get","firebasehosting.sites.get"]}
[debug] [2025-02-08T17:35:30.729Z] Checked if tokens are valid: true, expires at: 1739037490536
[debug] [2025-02-08T17:35:30.731Z] Checked if tokens are valid: true, expires at: 1739037490536
[debug] [2025-02-08T17:35:30.734Z] >>> [apiv2][query] GET https://firebasehosting.googleapis.com/v1beta1/projects/netflix-clone-app-e5cba/sites pageToken=&pageSize=10
[debug] [2025-02-08T17:35:33.937Z] <<< [apiv2][status] GET https://firebasehosting.googleapis.com/v1beta1/projects/netflix-clone-app-e5cba/sites 200
[debug] [2025-02-08T17:35:33.938Z] <<< [apiv2][body] GET https://firebasehosting.googleapis.com/v1beta1/projects/netflix-clone-app-e5cba/sites {"sites":[{"name":"projects/netflix-clone-app-e5cba/sites/netflix-clone-app-e5cba","defaultUrl":"https://netflix-clone-app-e5cba.web.app","appId":"1:1075821146058:web:b43502870facdad4766933","type":"DEFAULT_SITE"}]}
[info] 
[info] Sites for project netflix-clone-app-e5cba
[info] 
[info] 
 Site ID                  Default URL                              App ID (if set)                            

 netflix-clone-app-e5cba  https://netflix-clone-app-e5cba.web.app  1:1075821146058:web:b43502870facdad4766933 

[debug] [2025-02-08T17:51:06.613Z] ----------------------------------------------------------------------
[debug] [2025-02-08T17:51:06.616Z] Command:       C:\Program Files\nodejs\node.exe C:\Users\hp\AppData\Roaming\npm\node_modules\firebase-tools\lib\bin\firebase.js init hosting
[debug] [2025-02-08T17:51:06.617Z] CLI Version:   13.29.3
[debug] [2025-02-08T17:51:06.617Z] Platform:      win32
[debug] [2025-02-08T17:51:06.617Z] Node Version:  v20.14.0
[debug] [2025-02-08T17:51:06.617Z] Time:          Sat Feb 08 2025 23:21:06 GMT+0530 (India Standard Time)
[debug] [2025-02-08T17:51:06.617Z] ----------------------------------------------------------------------
[debug] 
[debug] [2025-02-08T17:51:06.985Z] > command requires scopes: ["email","openid","https://www.googleapis.com/auth/cloudplatformprojects.readonly","https://www.googleapis.com/auth/firebase","https://www.googleapis.com/auth/cloud-platform"]
[debug] [2025-02-08T17:51:06.988Z] > authorizing via signed-in user (livebeauty9@gmail.com)
[info] 
     ######## #### ########  ######## ########     ###     ######  ########
     ##        ##  ##     ## ##       ##     ##  ##   ##  ##       ##
     ######    ##  ########  ######   ########  #########  ######  ######
     ##        ##  ##    ##  ##       ##     ## ##     ##       ## ##
     ##       #### ##     ## ######## ########  ##     ##  ######  ########

You're about to initialize a Firebase project in this directory:

  F:\Client\netflix-clone-app

Before we get started, keep in mind:

  * You are initializing within an existing Firebase project directory

[info] 
=== Project Setup
[info] 
[info] First, let's associate this project directory with a Firebase project.
[info] You can create multiple project aliases by running firebase use --add, 
[info] but for now we'll just set up a default project.
[info] 
[debug] [2025-02-08T17:51:18.224Z] Using project from CLI flag: netflix-clone-app-e5cba
[debug] [2025-02-08T17:51:18.239Z] Checked if tokens are valid: false, expires at: 1739037490536
[debug] [2025-02-08T17:51:18.240Z] Checked if tokens are valid: false, expires at: 1739037490536
[debug] [2025-02-08T17:51:18.242Z] > refreshing access token with scopes: []
[debug] [2025-02-08T17:51:18.246Z] >>> [apiv2][query] POST https://www.googleapis.com/oauth2/v3/token [none]
[debug] [2025-02-08T17:51:18.246Z] >>> [apiv2][body] POST https://www.googleapis.com/oauth2/v3/token [omitted]
[debug] [2025-02-08T17:51:19.885Z] <<< [apiv2][status] POST https://www.googleapis.com/oauth2/v3/token 200
[debug] [2025-02-08T17:51:19.886Z] <<< [apiv2][body] POST https://www.googleapis.com/oauth2/v3/token [omitted]
[debug] [2025-02-08T17:51:19.907Z] >>> [apiv2][query] GET https://firebase.googleapis.com/v1beta1/projects/netflix-clone-app-e5cba [none]
[debug] [2025-02-08T17:51:21.083Z] <<< [apiv2][status] GET https://firebase.googleapis.com/v1beta1/projects/netflix-clone-app-e5cba 200
[debug] [2025-02-08T17:51:21.085Z] <<< [apiv2][body] GET https://firebase.googleapis.com/v1beta1/projects/netflix-clone-app-e5cba {"projectId":"netflix-clone-app-e5cba","projectNumber":"1075821146058","displayName":"netflix-clone-app","name":"projects/netflix-clone-app-e5cba","resources":{"hostingSite":"netflix-clone-app-e5cba"},"state":"ACTIVE","etag":"1_30d815d5-56cb-475c-af2e-f41bc5fab1f6"}
[info] i  Using project netflix-clone-app-e5cba (netflix-clone-app) 
[info] 
=== Hosting Setup
[debug] [2025-02-08T17:51:21.103Z] Checked if tokens are valid: true, expires at: 1739040678887
[debug] [2025-02-08T17:51:21.104Z] Checked if tokens are valid: true, expires at: 1739040678887
[debug] [2025-02-08T17:51:21.106Z] >>> [apiv2][query] GET https://firebase.googleapis.com/v1beta1/projects/netflix-clone-app-e5cba [none]
[debug] [2025-02-08T17:51:21.701Z] <<< [apiv2][status] GET https://firebase.googleapis.com/v1beta1/projects/netflix-clone-app-e5cba 200
[debug] [2025-02-08T17:51:21.702Z] <<< [apiv2][body] GET https://firebase.googleapis.com/v1beta1/projects/netflix-clone-app-e5cba {"projectId":"netflix-clone-app-e5cba","projectNumber":"1075821146058","displayName":"netflix-clone-app","name":"projects/netflix-clone-app-e5cba","resources":{"hostingSite":"netflix-clone-app-e5cba"},"state":"ACTIVE","etag":"1_30d815d5-56cb-475c-af2e-f41bc5fab1f6"}
[info] 
[info] Your public directory is the folder (relative to your project directory) that
[info] will contain Hosting assets to be uploaded with firebase deploy. If you
[info] have a build process for your assets, use your build's output directory.
[info] 
